[2023-06-04 15:49:10.197] [pxr_streamer] [info] ***********  Log Begin **********
[2023-06-04 15:49:10.197] [pxr_streamer] [info] process id= 13400
[2023-06-04 15:49:10.197] [pxr_streamer] [info] [13400|14040]driver_impl.cpp:22 DriverImpl: Driver created, this= 0x208d004e800
[2023-06-04 15:49:10.197] [pxr_streamer] [debug] [13400|14040]streaming_driver_interface_impl.cpp:20 StreamingDriverInterfaceImpl: callback= 0x209b59bad50, this= 0x208d0d01120
[2023-06-04 15:49:10.198] [pxr_streamer] [debug] [13400|14040]streaming_driver_interface_impl.cpp:117 SetTrackingOrigin: tracking origin= Undefined, this= 0x208d0d01120
[2023-06-04 15:49:10.198] [pxr_streamer] [error] [13400|14040]streaming_driver_interface_impl.cpp:119 SetTrackingOrigin: "not connected", connect_state_ != DriverConnectState::kRpcConnected, this= 0x208d0d01120
[2023-06-04 15:49:10.198] [pxr_streamer] [info] [13400|14040]streaming_driver_interface_impl.cpp:39 ConnectToService: connect to service, this= 0x208d0d01120
[2023-06-04 15:49:10.198] [pxr_streamer] [debug] [13400|13056]streaming_driver_interface_impl.cpp:343 InvokeConnectToService: connect to service, this= 0x208d0d01120
[2023-06-04 15:49:10.198] [pxr_streamer] [debug] [13400|13056]transport_client_tcp2.cpp:33 Start: buffer size(send\recv): 1048576\1048576, this= 0x20804ab1030
[2023-06-04 15:49:10.198] [pxr_streamer] [info] [13400|13056]transport_client_tcp2.cpp:58 Start: server= 127.0.0.1:29000, local=0.0.0.0:0, this= 0x20804ab1030
[2023-06-04 15:49:12.226] [pxr_streamer] [error] [13400|18624]transport_client_tcp2.cpp:145 HandleConnect: connected error= Подключение не установлено, т.к. конечный компьютер отверг запрос на подключение., this= 0x20804ab1030
[2023-06-04 15:49:12.226] [pxr_streamer] [info] [13400|18624]streaming_driver_interface_impl.cpp:141 NotifyConnectResult: connect to service, result= 10061, this= 0x208d0d01120
[2023-06-04 15:49:12.226] [pxr_streamer] [error] [13400|13056]streaming_driver_interface_impl.cpp:438 HandleTransportConnect: connect to service error= 10061, this= 0x208d0d01120
[2023-06-04 15:49:32.577] [pxr_streamer] [info] [13400|14040]driver_impl.cpp:22 DriverImpl: Driver created, this= 0x207ff282010
[2023-06-04 15:49:32.577] [pxr_streamer] [debug] [13400|14040]streaming_driver_interface_impl.cpp:20 StreamingDriverInterfaceImpl: callback= 0x2096638fd80, this= 0x208d0d00e00
[2023-06-04 15:49:32.577] [pxr_streamer] [debug] [13400|14040]streaming_driver_interface_impl.cpp:27 ~StreamingDriverInterfaceImpl: called, this= 0x208d0d01120
[2023-06-04 15:49:32.577] [pxr_streamer] [info] [13400|14040]driver_impl.cpp:27 ~DriverImpl: Driver destroyed, this= 0x208d004e800
[2023-06-04 15:49:32.577] [pxr_streamer] [debug] [13400|14040]transport_client_tcp2.cpp:73 Stop: called, this= 0x20804ab1030
[2023-06-04 15:49:32.578] [pxr_streamer] [debug] [13400|14040]streaming_driver_interface_impl.cpp:117 SetTrackingOrigin: tracking origin= FloorLevel, this= 0x208d0d00e00
[2023-06-04 15:49:32.578] [pxr_streamer] [error] [13400|14040]streaming_driver_interface_impl.cpp:119 SetTrackingOrigin: "not connected", connect_state_ != DriverConnectState::kRpcConnected, this= 0x208d0d00e00
[2023-06-04 15:49:32.578] [pxr_streamer] [info] [13400|14040]streaming_driver_interface_impl.cpp:39 ConnectToService: connect to service, this= 0x208d0d00e00
[2023-06-04 15:49:32.578] [pxr_streamer] [debug] [13400|12940]streaming_driver_interface_impl.cpp:343 InvokeConnectToService: connect to service, this= 0x208d0d00e00
[2023-06-04 15:49:32.578] [pxr_streamer] [debug] [13400|12940]transport_client_tcp2.cpp:33 Start: buffer size(send\recv): 1048576\1048576, this= 0x2099005a200
[2023-06-04 15:49:32.578] [pxr_streamer] [info] [13400|12940]transport_client_tcp2.cpp:58 Start: server= 127.0.0.1:29000, local=0.0.0.0:0, this= 0x2099005a200
[2023-06-04 15:49:34.609] [pxr_streamer] [error] [13400|12396]transport_client_tcp2.cpp:145 HandleConnect: connected error= Подключение не установлено, т.к. конечный компьютер отверг запрос на подключение., this= 0x2099005a200
[2023-06-04 15:49:34.609] [pxr_streamer] [info] [13400|12396]streaming_driver_interface_impl.cpp:141 NotifyConnectResult: connect to service, result= 10061, this= 0x208d0d00e00
[2023-06-04 15:49:34.609] [pxr_streamer] [error] [13400|12940]streaming_driver_interface_impl.cpp:438 HandleTransportConnect: connect to service error= 10061, this= 0x208d0d00e00
[2023-06-04 15:54:04.924] [pxr_streamer] [info] [13400|14040]driver_impl.cpp:22 DriverImpl: Driver created, this= 0x20580a40c40
[2023-06-04 15:54:04.924] [pxr_streamer] [debug] [13400|14040]streaming_driver_interface_impl.cpp:20 StreamingDriverInterfaceImpl: callback= 0x2098f461de0, this= 0x208d0d01a80
[2023-06-04 15:54:04.924] [pxr_streamer] [debug] [13400|14040]streaming_driver_interface_impl.cpp:27 ~StreamingDriverInterfaceImpl: called, this= 0x208d0d00e00
[2023-06-04 15:54:04.924] [pxr_streamer] [info] [13400|14040]driver_impl.cpp:27 ~DriverImpl: Driver destroyed, this= 0x207ff282010
[2023-06-04 15:54:04.924] [pxr_streamer] [debug] [13400|14040]transport_client_tcp2.cpp:73 Stop: called, this= 0x2099005a200
[2023-06-04 15:54:04.925] [pxr_streamer] [debug] [13400|14040]streaming_driver_interface_impl.cpp:117 SetTrackingOrigin: tracking origin= FloorLevel, this= 0x208d0d01a80
[2023-06-04 15:54:04.925] [pxr_streamer] [error] [13400|14040]streaming_driver_interface_impl.cpp:119 SetTrackingOrigin: "not connected", connect_state_ != DriverConnectState::kRpcConnected, this= 0x208d0d01a80
[2023-06-04 15:54:04.925] [pxr_streamer] [info] [13400|14040]streaming_driver_interface_impl.cpp:39 ConnectToService: connect to service, this= 0x208d0d01a80
[2023-06-04 15:54:04.925] [pxr_streamer] [debug] [13400|18988]streaming_driver_interface_impl.cpp:343 InvokeConnectToService: connect to service, this= 0x208d0d01a80
[2023-06-04 15:54:04.925] [pxr_streamer] [debug] [13400|18988]transport_client_tcp2.cpp:33 Start: buffer size(send\recv): 1048576\1048576, this= 0x2098f7a63c0
[2023-06-04 15:54:04.925] [pxr_streamer] [info] [13400|18988]transport_client_tcp2.cpp:58 Start: server= 127.0.0.1:29000, local=0.0.0.0:0, this= 0x2098f7a63c0
[2023-06-04 15:54:06.967] [pxr_streamer] [error] [13400|7304]transport_client_tcp2.cpp:145 HandleConnect: connected error= Подключение не установлено, т.к. конечный компьютер отверг запрос на подключение., this= 0x2098f7a63c0
[2023-06-04 15:54:06.967] [pxr_streamer] [info] [13400|7304]streaming_driver_interface_impl.cpp:141 NotifyConnectResult: connect to service, result= 10061, this= 0x208d0d01a80
[2023-06-04 15:54:06.967] [pxr_streamer] [error] [13400|18988]streaming_driver_interface_impl.cpp:438 HandleTransportConnect: connect to service error= 10061, this= 0x208d0d01a80
